DEBUG (org.apache.hadoop.metrics2.lib.MutableMetricsFactory:42)- field org.apache.hadoop.metrics2.lib.MutableRate org.apache.hadoop.security.UserGroupInformation$UgiMetrics.loginSuccess with annotation @org.apache.hadoop.metrics2.annotation.Metric(always=false, about=, sampleName=Ops, type=DEFAULT, value=[Rate of successful kerberos logins and latency (milliseconds)], valueName=Time)
DEBUG (org.apache.hadoop.metrics2.lib.MutableMetricsFactory:42)- field org.apache.hadoop.metrics2.lib.MutableRate org.apache.hadoop.security.UserGroupInformation$UgiMetrics.loginFailure with annotation @org.apache.hadoop.metrics2.annotation.Metric(always=false, about=, sampleName=Ops, type=DEFAULT, value=[Rate of failed kerberos logins and latency (milliseconds)], valueName=Time)
DEBUG (org.apache.hadoop.metrics2.lib.MutableMetricsFactory:42)- field org.apache.hadoop.metrics2.lib.MutableRate org.apache.hadoop.security.UserGroupInformation$UgiMetrics.getGroups with annotation @org.apache.hadoop.metrics2.annotation.Metric(always=false, about=, sampleName=Ops, type=DEFAULT, value=[GetGroups], valueName=Time)
DEBUG (org.apache.hadoop.metrics2.impl.MetricsSystemImpl:221)- UgiMetrics, User and group related metrics
DEBUG (org.apache.hadoop.security.authentication.util.KerberosName:88)- Kerberos krb5 configuration not found, setting default realm to empty
DEBUG (org.apache.hadoop.security.Groups:238)-  Creating new Groups object
DEBUG (org.apache.hadoop.util.NativeCodeLoader:46)- Trying to load the custom-built native-hadoop library...
DEBUG (org.apache.hadoop.util.NativeCodeLoader:55)- Failed to load native-hadoop with error: java.lang.UnsatisfiedLinkError: no hadoop in java.library.path
DEBUG (org.apache.hadoop.util.NativeCodeLoader:56)- java.library.path=/Users/didi/Library/Java/Extensions:/Library/Java/Extensions:/Network/Library/Java/Extensions:/System/Library/Java/Extensions:/usr/lib/java:.
WARN (org.apache.hadoop.util.NativeCodeLoader:62)- Unable to load native-hadoop library for your platform... using builtin-java classes where applicable
DEBUG (org.apache.hadoop.security.JniBasedUnixGroupsMappingWithFallback:40)- Falling back to shell based
DEBUG (org.apache.hadoop.security.JniBasedUnixGroupsMappingWithFallback:44)- Group mapping impl=org.apache.hadoop.security.ShellBasedUnixGroupsMapping
DEBUG (org.apache.hadoop.util.Shell:320)- Failed to detect a valid hadoop home directory
java.io.IOException: HADOOP_HOME or hadoop.home.dir are not set.
	at org.apache.hadoop.util.Shell.checkHadoopHome(Shell.java:302)
	at org.apache.hadoop.util.Shell.<clinit>(Shell.java:327)
	at org.apache.hadoop.util.StringUtils.<clinit>(StringUtils.java:78)
	at org.apache.hadoop.security.Groups.parseStaticMapping(Groups.java:93)
	at org.apache.hadoop.security.Groups.<init>(Groups.java:77)
	at org.apache.hadoop.security.Groups.getUserToGroupsMappingService(Groups.java:240)
	at org.apache.hadoop.security.UserGroupInformation.initialize(UserGroupInformation.java:257)
	at org.apache.hadoop.security.UserGroupInformation.ensureInitialized(UserGroupInformation.java:234)
	at org.apache.hadoop.security.UserGroupInformation.loginUserFromSubject(UserGroupInformation.java:749)
	at org.apache.hadoop.security.UserGroupInformation.getLoginUser(UserGroupInformation.java:734)
	at org.apache.hadoop.security.UserGroupInformation.getCurrentUser(UserGroupInformation.java:607)
	at org.apache.hadoop.hbase.security.User$SecureHadoopUser.<init>(User.java:286)
	at org.apache.hadoop.hbase.security.User$SecureHadoopUser.<init>(User.java:282)
	at org.apache.hadoop.hbase.security.User.getCurrent(User.java:185)
	at org.apache.hadoop.hbase.security.UserProvider.getCurrent(UserProvider.java:88)
	at org.apache.hadoop.hbase.client.HConnectionKey.<init>(HConnectionKey.java:72)
	at org.apache.hadoop.hbase.client.ConnectionManager.getConnectionInternal(ConnectionManager.java:288)
	at org.apache.hadoop.hbase.client.HBaseAdmin.<init>(HBaseAdmin.java:234)
	at CreateTable.main(CreateTable.java:37)
DEBUG (org.apache.hadoop.util.Shell:392)- setsid is not available on this machine. So not using it.
DEBUG (org.apache.hadoop.util.Shell:396)- setsid exited with exit code 0
DEBUG (org.apache.hadoop.security.Groups:80)- Group mapping impl=org.apache.hadoop.security.JniBasedUnixGroupsMappingWithFallback; cacheTimeout=300000; warningDeltaMs=5000
DEBUG (org.apache.hadoop.security.UserGroupInformation:195)- hadoop login
DEBUG (org.apache.hadoop.security.UserGroupInformation:144)- hadoop login commit
DEBUG (org.apache.hadoop.security.UserGroupInformation:174)- using local user:UnixPrincipal: didi
DEBUG (org.apache.hadoop.security.UserGroupInformation:785)- UGI loginUser:didi (auth:SIMPLE)
INFO (org.apache.hadoop.hbase.zookeeper.RecoverableZooKeeper:120)- Process identifier=hconnection-0x69a10787 connecting to ZooKeeper ensemble=localhost:2183
INFO (org.apache.zookeeper.ZooKeeper:100)- Client environment:zookeeper.version=3.4.6-1569965, built on 02/20/2014 09:09 GMT
INFO (org.apache.zookeeper.ZooKeeper:100)- Client environment:host.name=192.168.0.103
INFO (org.apache.zookeeper.ZooKeeper:100)- Client environment:java.version=1.8.0_144
INFO (org.apache.zookeeper.ZooKeeper:100)- Client environment:java.vendor=Oracle Corporation
INFO (org.apache.zookeeper.ZooKeeper:100)- Client environment:java.home=/Library/Java/JavaVirtualMachines/jdk1.8.0_144.jdk/Contents/Home/jre
INFO (org.apache.zookeeper.ZooKeeper:100)- Client environment:java.class.path=/Users/didi/java/HBase/bin:/Users/didi/hbase/hbase/lib/activation-1.1.jar:/Users/didi/hbase/hbase/lib/aopalliance-1.0.jar:/Users/didi/hbase/hbase/lib/apacheds-i18n-2.0.0-M15.jar:/Users/didi/hbase/hbase/lib/apacheds-kerberos-codec-2.0.0-M15.jar:/Users/didi/hbase/hbase/lib/api-asn1-api-1.0.0-M20.jar:/Users/didi/hbase/hbase/lib/api-util-1.0.0-M20.jar:/Users/didi/hbase/hbase/lib/asm-3.1.jar:/Users/didi/hbase/hbase/lib/avro-1.7.4.jar:/Users/didi/hbase/hbase/lib/commons-beanutils-1.7.0.jar:/Users/didi/hbase/hbase/lib/commons-beanutils-core-1.8.0.jar:/Users/didi/hbase/hbase/lib/commons-cli-1.2.jar:/Users/didi/hbase/hbase/lib/commons-codec-1.9.jar:/Users/didi/hbase/hbase/lib/commons-collections-3.2.2.jar:/Users/didi/hbase/hbase/lib/commons-compress-1.4.1.jar:/Users/didi/hbase/hbase/lib/commons-configuration-1.6.jar:/Users/didi/hbase/hbase/lib/commons-daemon-1.0.13.jar:/Users/didi/hbase/hbase/lib/commons-digester-1.8.jar:/Users/didi/hbase/hbase/lib/commons-el-1.0.jar:/Users/didi/hbase/hbase/lib/commons-httpclient-3.1.jar:/Users/didi/hbase/hbase/lib/commons-io-2.4.jar:/Users/didi/hbase/hbase/lib/commons-lang-2.6.jar:/Users/didi/hbase/hbase/lib/commons-logging-1.2.jar:/Users/didi/hbase/hbase/lib/commons-math-2.2.jar:/Users/didi/hbase/hbase/lib/commons-math3-3.1.1.jar:/Users/didi/hbase/hbase/lib/commons-net-3.1.jar:/Users/didi/hbase/hbase/lib/disruptor-3.3.0.jar:/Users/didi/hbase/hbase/lib/findbugs-annotations-1.3.9-1.jar:/Users/didi/hbase/hbase/lib/guava-12.0.1.jar:/Users/didi/hbase/hbase/lib/guice-3.0.jar:/Users/didi/hbase/hbase/lib/guice-servlet-3.0.jar:/Users/didi/hbase/hbase/lib/hadoop-annotations-2.5.1.jar:/Users/didi/hbase/hbase/lib/hadoop-auth-2.5.1.jar:/Users/didi/hbase/hbase/lib/hadoop-client-2.5.1.jar:/Users/didi/hbase/hbase/lib/hadoop-common-2.5.1.jar:/Users/didi/hbase/hbase/lib/hadoop-hdfs-2.5.1.jar:/Users/didi/hbase/hbase/lib/hadoop-mapreduce-client-app-2.5.1.jar:/Users/didi/hbase/hbase/lib/hadoop-mapreduce-client-common-2.5.1.jar:/Users/didi/hbase/hbase/lib/hadoop-mapreduce-client-core-2.5.1.jar:/Users/didi/hbase/hbase/lib/hadoop-mapreduce-client-jobclient-2.5.1.jar:/Users/didi/hbase/hbase/lib/hadoop-mapreduce-client-shuffle-2.5.1.jar:/Users/didi/hbase/hbase/lib/hadoop-yarn-api-2.5.1.jar:/Users/didi/hbase/hbase/lib/hadoop-yarn-client-2.5.1.jar:/Users/didi/hbase/hbase/lib/hadoop-yarn-common-2.5.1.jar:/Users/didi/hbase/hbase/lib/hadoop-yarn-server-common-2.5.1.jar:/Users/didi/hbase/hbase/lib/hbase-annotations-1.1.11-tests.jar:/Users/didi/hbase/hbase/lib/hbase-annotations-1.1.11.jar:/Users/didi/hbase/hbase/lib/hbase-client-1.1.11.jar:/Users/didi/hbase/hbase/lib/hbase-common-1.1.11-tests.jar:/Users/didi/hbase/hbase/lib/hbase-common-1.1.11.jar:/Users/didi/hbase/hbase/lib/hbase-examples-1.1.11.jar:/Users/didi/hbase/hbase/lib/hbase-hadoop-compat-1.1.11.jar:/Users/didi/hbase/hbase/lib/hbase-hadoop2-compat-1.1.11.jar:/Users/didi/hbase/hbase/lib/hbase-it-1.1.11-tests.jar:/Users/didi/hbase/hbase/lib/hbase-it-1.1.11.jar:/Users/didi/hbase/hbase/lib/hbase-prefix-tree-1.1.11.jar:/Users/didi/hbase/hbase/lib/hbase-procedure-1.1.11.jar:/Users/didi/hbase/hbase/lib/hbase-protocol-1.1.11.jar:/Users/didi/hbase/hbase/lib/hbase-resource-bundle-1.1.11.jar:/Users/didi/hbase/hbase/lib/hbase-rest-1.1.11.jar:/Users/didi/hbase/hbase/lib/hbase-server-1.1.11-tests.jar:/Users/didi/hbase/hbase/lib/hbase-server-1.1.11.jar:/Users/didi/hbase/hbase/lib/hbase-shell-1.1.11.jar:/Users/didi/hbase/hbase/lib/hbase-thrift-1.1.11.jar:/Users/didi/hbase/hbase/lib/htrace-core-3.1.0-incubating.jar:/Users/didi/hbase/hbase/lib/httpclient-4.2.5.jar:/Users/didi/hbase/hbase/lib/httpcore-4.1.3.jar:/Users/didi/hbase/hbase/lib/jackson-core-asl-1.9.13.jar:/Users/didi/hbase/hbase/lib/jackson-jaxrs-1.9.13.jar:/Users/didi/hbase/hbase/lib/jackson-mapper-asl-1.9.13.jar:/Users/didi/hbase/hbase/lib/jackson-xc-1.9.13.jar:/Users/didi/hbase/hbase/lib/jamon-runtime-2.3.1.jar:/Users/didi/hbase/hbase/lib/jasper-compiler-5.5.23.jar:/Users/didi/hbase/hbase/lib/jasper-runtime-5.5.23.jar:/Users/didi/hbase/hbase/lib/java-xmlbuilder-0.4.jar:/Users/didi/hbase/hbase/lib/javax.inject-1.jar:/Users/didi/hbase/hbase/lib/jaxb-api-2.2.2.jar:/Users/didi/hbase/hbase/lib/jaxb-impl-2.2.3-1.jar:/Users/didi/hbase/hbase/lib/jcodings-1.0.8.jar:/Users/didi/hbase/hbase/lib/jersey-client-1.9.jar:/Users/didi/hbase/hbase/lib/jersey-core-1.9.jar:/Users/didi/hbase/hbase/lib/jersey-guice-1.9.jar:/Users/didi/hbase/hbase/lib/jersey-json-1.9.jar:/Users/didi/hbase/hbase/lib/jersey-server-1.9.jar:/Users/didi/hbase/hbase/lib/jets3t-0.9.0.jar:/Users/didi/hbase/hbase/lib/jettison-1.3.3.jar:/Users/didi/hbase/hbase/lib/jetty-6.1.26.jar:/Users/didi/hbase/hbase/lib/jetty-sslengine-6.1.26.jar:/Users/didi/hbase/hbase/lib/jetty-util-6.1.26.jar:/Users/didi/hbase/hbase/lib/joni-2.1.2.jar:/Users/didi/hbase/hbase/lib/jruby-complete-1.6.8.jar:/Users/didi/hbase/hbase/lib/jsch-0.1.42.jar:/Users/didi/hbase/hbase/lib/jsp-2.1-6.1.14.jar:/Users/didi/hbase/hbase/lib/jsp-api-2.1-6.1.14.jar:/Users/didi/hbase/hbase/lib/junit-4.12.jar:/Users/didi/hbase/hbase/lib/leveldbjni-all-1.8.jar:/Users/didi/hbase/hbase/lib/libthrift-0.9.0.jar:/Users/didi/hbase/hbase/lib/log4j-1.2.17.jar:/Users/didi/hbase/hbase/lib/metrics-core-2.2.0.jar:/Users/didi/hbase/hbase/lib/netty-3.2.4.Final.jar:/Users/didi/hbase/hbase/lib/netty-all-4.0.23.Final.jar:/Users/didi/hbase/hbase/lib/paranamer-2.3.jar:/Users/didi/hbase/hbase/lib/protobuf-java-2.5.0.jar:/Users/didi/hbase/hbase/lib/servlet-api-2.5-6.1.14.jar:/Users/didi/hbase/hbase/lib/servlet-api-2.5.jar:/Users/didi/hbase/hbase/lib/slf4j-api-1.7.7.jar:/Users/didi/hbase/hbase/lib/slf4j-log4j12-1.7.5.jar:/Users/didi/hbase/hbase/lib/snappy-java-1.0.4.1.jar:/Users/didi/hbase/hbase/lib/spymemcached-2.11.6.jar:/Users/didi/hbase/hbase/lib/xmlenc-0.52.jar:/Users/didi/hbase/hbase/lib/xz-1.0.jar:/Users/didi/hbase/hbase/lib/zookeeper-3.4.6.jar
INFO (org.apache.zookeeper.ZooKeeper:100)- Client environment:java.library.path=/Users/didi/Library/Java/Extensions:/Library/Java/Extensions:/Network/Library/Java/Extensions:/System/Library/Java/Extensions:/usr/lib/java:.
INFO (org.apache.zookeeper.ZooKeeper:100)- Client environment:java.io.tmpdir=/var/folders/r9/35q9g3d56_d9g0v59w9x2l9w0000gn/T/
INFO (org.apache.zookeeper.ZooKeeper:100)- Client environment:java.compiler=<NA>
INFO (org.apache.zookeeper.ZooKeeper:100)- Client environment:os.name=Mac OS X
INFO (org.apache.zookeeper.ZooKeeper:100)- Client environment:os.arch=x86_64
INFO (org.apache.zookeeper.ZooKeeper:100)- Client environment:os.version=10.11.1
INFO (org.apache.zookeeper.ZooKeeper:100)- Client environment:user.name=didi
INFO (org.apache.zookeeper.ZooKeeper:100)- Client environment:user.home=/Users/didi
INFO (org.apache.zookeeper.ZooKeeper:100)- Client environment:user.dir=/Users/didi/java/HBase
INFO (org.apache.zookeeper.ZooKeeper:438)- Initiating client connection, connectString=localhost:2183 sessionTimeout=90000 watcher=hconnection-0x69a107870x0, quorum=localhost:2183, baseZNode=/hbase
DEBUG (org.apache.zookeeper.ClientCnxn:102)- zookeeper.disableAutoWatchReset is false
INFO (org.apache.zookeeper.ClientCnxn:975)- Opening socket connection to server localhost/127.0.0.1:2183. Will not attempt to authenticate using SASL (unknown error)
INFO (org.apache.zookeeper.ClientCnxn:852)- Socket connection established to localhost/127.0.0.1:2183, initiating session
DEBUG (org.apache.zookeeper.ClientCnxn:892)- Session establishment request sent on localhost/127.0.0.1:2183
INFO (org.apache.zookeeper.ClientCnxn:1235)- Session establishment complete on server localhost/127.0.0.1:2183, sessionid = 0x15dda24a4de000e, negotiated timeout = 40000
DEBUG (org.apache.hadoop.hbase.zookeeper.ZooKeeperWatcher:576)- hconnection-0x69a107870x0, quorum=localhost:2183, baseZNode=/hbase Received ZooKeeper Event, type=None, state=SyncConnected, path=null
DEBUG (org.apache.hadoop.hbase.zookeeper.ZooKeeperWatcher:660)- hconnection-0x69a10787-0x15dda24a4de000e connected
DEBUG (org.apache.zookeeper.ClientCnxn:818)- Reading reply sessionid:0x15dda24a4de000e, packet:: clientPath:null serverPath:null finished:false header:: 1,3  replyHeader:: 1,159,0  request:: '/hbase/hbaseid,F  response:: s{18,90,1502602710240,1502603423556,1,0,0,0,67,0,18} 
DEBUG (org.apache.zookeeper.ClientCnxn:818)- Reading reply sessionid:0x15dda24a4de000e, packet:: clientPath:null serverPath:null finished:false header:: 2,4  replyHeader:: 2,159,0  request:: '/hbase/hbaseid,F  response:: #ffffffff000146d61737465723a3539333232ffffffe7ffffff835036ffffff956fffffff9f6d50425546a2436353630393434632d616362332d346435622d613733372d663765646433323735326338,s{18,90,1502602710240,1502603423556,1,0,0,0,67,0,18} 
DEBUG (org.apache.hadoop.hbase.ipc.AbstractRpcClient:110)- Codec=org.apache.hadoop.hbase.codec.KeyValueCodec@3d51f06e, compressor=null, tcpKeepAlive=true, tcpNoDelay=true, connectTO=10000, readTO=20000, writeTO=60000, minIdleTimeBeforeClose=120000, maxRetries=0, fallbackAllowed=false, bind address=null
DEBUG (org.apache.zookeeper.ClientCnxn:818)- Reading reply sessionid:0x15dda24a4de000e, packet:: clientPath:null serverPath:null finished:false header:: 3,8  replyHeader:: 3,159,0  request:: '/hbase,F  response:: v{'replication,'meta-region-server,'rs,'splitWAL,'backup-masters,'table-lock,'flush-table-proc,'region-in-transition,'online-snapshot,'master,'running,'recovering-regions,'draining,'namespace,'hbaseid,'table} 
DEBUG (org.apache.zookeeper.ClientCnxn:818)- Reading reply sessionid:0x15dda24a4de000e, packet:: clientPath:null serverPath:null finished:false header:: 4,4  replyHeader:: 4,159,0  request:: '/hbase/meta-region-server,F  response:: #ffffffff0001a726567696f6e7365727665723a3539333234423b56fffffff64d3c2dffffff8c50425546a1aad3139322e3136382e302e31303310ffffffbcffffffcf318fffffff1ffffffdbffffff92ffffffd1ffffffdd2b100183,s{105,105,1502603429133,1502603429133,0,0,0,0,67,0,105} 
DEBUG (org.apache.hadoop.hbase.ipc.AbstractRpcClient:346)- Use SIMPLE authentication for service ClientService, sasl=false
DEBUG (org.apache.hadoop.hbase.ipc.AbstractRpcClient:711)- Connecting to /192.168.0.103:59324
DEBUG (org.apache.zookeeper.ClientCnxn:818)- Reading reply sessionid:0x15dda24a4de000e, packet:: clientPath:null serverPath:null finished:false header:: 5,3  replyHeader:: 5,159,0  request:: '/hbase,F  response:: s{3,3,1502602708707,1502602708707,0,22,0,0,0,16,105} 
DEBUG (org.apache.zookeeper.ClientCnxn:818)- Reading reply sessionid:0x15dda24a4de000e, packet:: clientPath:null serverPath:null finished:false header:: 6,4  replyHeader:: 6,159,0  request:: '/hbase/master,F  response:: #ffffffff000146d61737465723a353933323245ffffff8d2ffffffc9ffffffb71e4effffff8750425546a1aad3139322e3136382e302e31303310ffffffbaffffffcf318ffffffdfffffffcfffffff92ffffffd1ffffffdd2b10018ffffffeaffffffd43,s{85,85,1502603423133,1502603423133,0,0,0,98474617791709184,63,0,85} 
DEBUG (org.apache.hadoop.hbase.ipc.AbstractRpcClient:346)- Use SIMPLE authentication for service MasterService, sasl=false
DEBUG (org.apache.hadoop.hbase.ipc.AbstractRpcClient:711)- Connecting to /192.168.0.103:59322
DEBUG (org.apache.zookeeper.ClientCnxn:818)- Reading reply sessionid:0x15dda24a4de000e, packet:: clientPath:null serverPath:null finished:false header:: 7,8  replyHeader:: 7,159,0  request:: '/hbase,F  response:: v{'replication,'meta-region-server,'rs,'splitWAL,'backup-masters,'table-lock,'flush-table-proc,'region-in-transition,'online-snapshot,'master,'running,'recovering-regions,'draining,'namespace,'hbaseid,'table} 
DEBUG (org.apache.zookeeper.ClientCnxn:818)- Reading reply sessionid:0x15dda24a4de000e, packet:: clientPath:null serverPath:null finished:false header:: 8,4  replyHeader:: 8,159,0  request:: '/hbase/meta-region-server,F  response:: #ffffffff0001a726567696f6e7365727665723a3539333234423b56fffffff64d3c2dffffff8c50425546a1aad3139322e3136382e302e31303310ffffffbcffffffcf318fffffff1ffffffdbffffff92ffffffd1ffffffdd2b100183,s{105,105,1502603429133,1502603429133,0,0,0,0,67,0,105} 
INFO (org.apache.hadoop.hbase.client.ConnectionManager$HConnectionImplementation:2082)- Closing master protocol: MasterService
INFO (org.apache.hadoop.hbase.client.ConnectionManager$HConnectionImplementation:1678)- Closing zookeeper sessionid=0x15dda24a4de000e
DEBUG (org.apache.zookeeper.ZooKeeper:673)- Closing session: 0x15dda24a4de000e
DEBUG (org.apache.zookeeper.ClientCnxn:1306)- Closing client for session: 0x15dda24a4de000e
DEBUG (org.apache.zookeeper.ClientCnxn:818)- Reading reply sessionid:0x15dda24a4de000e, packet:: clientPath:null serverPath:null finished:false header:: 9,-11  replyHeader:: 9,160,0  request:: null response:: null
DEBUG (org.apache.zookeeper.ClientCnxn:1290)- Disconnecting client for session: 0x15dda24a4de000e
DEBUG (org.apache.zookeeper.ClientCnxn:1086)- An exception was thrown while closing send thread for session 0x15dda24a4de000e : Unable to read additional data from server sessionid 0x15dda24a4de000e, likely server has closed socket
INFO (org.apache.zookeeper.ClientCnxn:512)- EventThread shut down
INFO (org.apache.zookeeper.ZooKeeper:684)- Session: 0x15dda24a4de000e closed
DEBUG (org.apache.hadoop.hbase.ipc.AbstractRpcClient:1125)- Stopping rpc client
